E, [2017-07-26T16:24:55.626206 #20378] ERROR -- Kitchen: ------Exception-------
E, [2017-07-26T16:24:55.626455 #20378] ERROR -- Kitchen: Class: Kitchen::UserError
E, [2017-07-26T16:24:55.626579 #20378] ERROR -- Kitchen: Message: Vagrant 1.1.0 or higher is not installed. Please download a package from http://www.vagrantup.com/downloads.html.
E, [2017-07-26T16:24:55.626682 #20378] ERROR -- Kitchen: ----------------------
E, [2017-07-26T16:24:55.626813 #20378] ERROR -- Kitchen: ------Backtrace-------
E, [2017-07-26T16:24:55.626907 #20378] ERROR -- Kitchen: /home/vagrant/.chefdk/gem/ruby/2.4.0/gems/kitchen-vagrant-1.1.0/lib/kitchen/driver/vagrant.rb:525:in `rescue in vagrant_version'
E, [2017-07-26T16:24:55.626995 #20378] ERROR -- Kitchen: /home/vagrant/.chefdk/gem/ruby/2.4.0/gems/kitchen-vagrant-1.1.0/lib/kitchen/driver/vagrant.rb:521:in `vagrant_version'
E, [2017-07-26T16:24:55.627086 #20378] ERROR -- Kitchen: /home/vagrant/.chefdk/gem/ruby/2.4.0/gems/kitchen-vagrant-1.1.0/lib/kitchen/driver/vagrant.rb:182:in `verify_dependencies'
E, [2017-07-26T16:24:55.627170 #20378] ERROR -- Kitchen: /opt/chefdk/embedded/lib/ruby/gems/2.4.0/gems/test-kitchen-1.16.0/lib/kitchen/driver.rb:43:in `for_plugin'
E, [2017-07-26T16:24:55.627251 #20378] ERROR -- Kitchen: /opt/chefdk/embedded/lib/ruby/gems/2.4.0/gems/test-kitchen-1.16.0/lib/kitchen/config.rb:233:in `new_driver'
E, [2017-07-26T16:24:55.627332 #20378] ERROR -- Kitchen: /opt/chefdk/embedded/lib/ruby/gems/2.4.0/gems/test-kitchen-1.16.0/lib/kitchen/config.rb:246:in `new_instance'
E, [2017-07-26T16:24:55.627411 #20378] ERROR -- Kitchen: /opt/chefdk/embedded/lib/ruby/gems/2.4.0/gems/test-kitchen-1.16.0/lib/kitchen/config.rb:142:in `block in build_instances'
E, [2017-07-26T16:24:55.627490 #20378] ERROR -- Kitchen: /opt/chefdk/embedded/lib/ruby/gems/2.4.0/gems/test-kitchen-1.16.0/lib/kitchen/config.rb:141:in `map'
E, [2017-07-26T16:24:55.627612 #20378] ERROR -- Kitchen: /opt/chefdk/embedded/lib/ruby/gems/2.4.0/gems/test-kitchen-1.16.0/lib/kitchen/config.rb:141:in `with_index'
E, [2017-07-26T16:24:55.627695 #20378] ERROR -- Kitchen: /opt/chefdk/embedded/lib/ruby/gems/2.4.0/gems/test-kitchen-1.16.0/lib/kitchen/config.rb:141:in `build_instances'
E, [2017-07-26T16:24:55.627778 #20378] ERROR -- Kitchen: /opt/chefdk/embedded/lib/ruby/gems/2.4.0/gems/test-kitchen-1.16.0/lib/kitchen/config.rb:117:in `instances'
E, [2017-07-26T16:24:55.627857 #20378] ERROR -- Kitchen: /opt/chefdk/embedded/lib/ruby/gems/2.4.0/gems/test-kitchen-1.16.0/lib/kitchen/command.rb:112:in `filtered_instances'
E, [2017-07-26T16:24:55.627952 #20378] ERROR -- Kitchen: /opt/chefdk/embedded/lib/ruby/gems/2.4.0/gems/test-kitchen-1.16.0/lib/kitchen/command.rb:142:in `parse_subcommand'
E, [2017-07-26T16:24:55.628040 #20378] ERROR -- Kitchen: /opt/chefdk/embedded/lib/ruby/gems/2.4.0/gems/test-kitchen-1.16.0/lib/kitchen/command/list.rb:30:in `call'
E, [2017-07-26T16:24:55.628159 #20378] ERROR -- Kitchen: /opt/chefdk/embedded/lib/ruby/gems/2.4.0/gems/test-kitchen-1.16.0/lib/kitchen/cli.rb:53:in `perform'
E, [2017-07-26T16:24:55.628216 #20378] ERROR -- Kitchen: /opt/chefdk/embedded/lib/ruby/gems/2.4.0/gems/test-kitchen-1.16.0/lib/kitchen/cli.rb:121:in `list'
E, [2017-07-26T16:24:55.628316 #20378] ERROR -- Kitchen: /opt/chefdk/embedded/lib/ruby/gems/2.4.0/gems/thor-0.19.1/lib/thor/command.rb:27:in `run'
E, [2017-07-26T16:24:55.628410 #20378] ERROR -- Kitchen: /opt/chefdk/embedded/lib/ruby/gems/2.4.0/gems/thor-0.19.1/lib/thor/invocation.rb:126:in `invoke_command'
E, [2017-07-26T16:24:55.628504 #20378] ERROR -- Kitchen: /opt/chefdk/embedded/lib/ruby/gems/2.4.0/gems/test-kitchen-1.16.0/lib/kitchen/cli.rb:334:in `invoke_task'
E, [2017-07-26T16:24:55.628597 #20378] ERROR -- Kitchen: /opt/chefdk/embedded/lib/ruby/gems/2.4.0/gems/thor-0.19.1/lib/thor.rb:359:in `dispatch'
E, [2017-07-26T16:24:55.628694 #20378] ERROR -- Kitchen: /opt/chefdk/embedded/lib/ruby/gems/2.4.0/gems/thor-0.19.1/lib/thor/base.rb:440:in `start'
E, [2017-07-26T16:24:55.628788 #20378] ERROR -- Kitchen: /opt/chefdk/embedded/lib/ruby/gems/2.4.0/gems/test-kitchen-1.16.0/bin/kitchen:13:in `block in <top (required)>'
E, [2017-07-26T16:24:55.628880 #20378] ERROR -- Kitchen: /opt/chefdk/embedded/lib/ruby/gems/2.4.0/gems/test-kitchen-1.16.0/lib/kitchen/errors.rb:171:in `with_friendly_errors'
E, [2017-07-26T16:24:55.628973 #20378] ERROR -- Kitchen: /opt/chefdk/embedded/lib/ruby/gems/2.4.0/gems/test-kitchen-1.16.0/bin/kitchen:13:in `<top (required)>'
E, [2017-07-26T16:24:55.629065 #20378] ERROR -- Kitchen: /usr/bin/kitchen:264:in `load'
E, [2017-07-26T16:24:55.629156 #20378] ERROR -- Kitchen: /usr/bin/kitchen:264:in `<main>'
E, [2017-07-26T16:24:55.629247 #20378] ERROR -- Kitchen: ----End Backtrace-----
E, [2017-07-26T16:24:55.629338 #20378] ERROR -- Kitchen: ---Nested Exception---
E, [2017-07-26T16:24:55.629428 #20378] ERROR -- Kitchen: Class: Errno::ENOENT
E, [2017-07-26T16:24:55.629569 #20378] ERROR -- Kitchen: Message: No such file or directory - vagrant
E, [2017-07-26T16:24:55.629660 #20378] ERROR -- Kitchen: ----------------------
E, [2017-07-26T16:24:55.629751 #20378] ERROR -- Kitchen: ------Backtrace-------
E, [2017-07-26T16:24:55.629841 #20378] ERROR -- Kitchen: /home/vagrant/.chefdk/gem/ruby/2.4.0/gems/kitchen-vagrant-1.1.0/lib/kitchen/driver/vagrant.rb:525:in `rescue in vagrant_version'
E, [2017-07-26T16:24:55.629934 #20378] ERROR -- Kitchen: /home/vagrant/.chefdk/gem/ruby/2.4.0/gems/kitchen-vagrant-1.1.0/lib/kitchen/driver/vagrant.rb:521:in `vagrant_version'
E, [2017-07-26T16:24:55.630026 #20378] ERROR -- Kitchen: /home/vagrant/.chefdk/gem/ruby/2.4.0/gems/kitchen-vagrant-1.1.0/lib/kitchen/driver/vagrant.rb:182:in `verify_dependencies'
E, [2017-07-26T16:24:55.630118 #20378] ERROR -- Kitchen: /opt/chefdk/embedded/lib/ruby/gems/2.4.0/gems/test-kitchen-1.16.0/lib/kitchen/driver.rb:43:in `for_plugin'
E, [2017-07-26T16:24:55.630209 #20378] ERROR -- Kitchen: /opt/chefdk/embedded/lib/ruby/gems/2.4.0/gems/test-kitchen-1.16.0/lib/kitchen/config.rb:233:in `new_driver'
E, [2017-07-26T16:24:55.630301 #20378] ERROR -- Kitchen: /opt/chefdk/embedded/lib/ruby/gems/2.4.0/gems/test-kitchen-1.16.0/lib/kitchen/config.rb:246:in `new_instance'
E, [2017-07-26T16:24:55.630393 #20378] ERROR -- Kitchen: /opt/chefdk/embedded/lib/ruby/gems/2.4.0/gems/test-kitchen-1.16.0/lib/kitchen/config.rb:142:in `block in build_instances'
E, [2017-07-26T16:24:55.630484 #20378] ERROR -- Kitchen: /opt/chefdk/embedded/lib/ruby/gems/2.4.0/gems/test-kitchen-1.16.0/lib/kitchen/config.rb:141:in `map'
E, [2017-07-26T16:24:55.630578 #20378] ERROR -- Kitchen: /opt/chefdk/embedded/lib/ruby/gems/2.4.0/gems/test-kitchen-1.16.0/lib/kitchen/config.rb:141:in `with_index'
E, [2017-07-26T16:24:55.630671 #20378] ERROR -- Kitchen: /opt/chefdk/embedded/lib/ruby/gems/2.4.0/gems/test-kitchen-1.16.0/lib/kitchen/config.rb:141:in `build_instances'
E, [2017-07-26T16:24:55.630762 #20378] ERROR -- Kitchen: /opt/chefdk/embedded/lib/ruby/gems/2.4.0/gems/test-kitchen-1.16.0/lib/kitchen/config.rb:117:in `instances'
E, [2017-07-26T16:24:55.630853 #20378] ERROR -- Kitchen: /opt/chefdk/embedded/lib/ruby/gems/2.4.0/gems/test-kitchen-1.16.0/lib/kitchen/command.rb:112:in `filtered_instances'
E, [2017-07-26T16:24:55.630945 #20378] ERROR -- Kitchen: /opt/chefdk/embedded/lib/ruby/gems/2.4.0/gems/test-kitchen-1.16.0/lib/kitchen/command.rb:142:in `parse_subcommand'
E, [2017-07-26T16:24:55.631036 #20378] ERROR -- Kitchen: /opt/chefdk/embedded/lib/ruby/gems/2.4.0/gems/test-kitchen-1.16.0/lib/kitchen/command/list.rb:30:in `call'
E, [2017-07-26T16:24:55.631127 #20378] ERROR -- Kitchen: /opt/chefdk/embedded/lib/ruby/gems/2.4.0/gems/test-kitchen-1.16.0/lib/kitchen/cli.rb:53:in `perform'
E, [2017-07-26T16:24:55.631250 #20378] ERROR -- Kitchen: /opt/chefdk/embedded/lib/ruby/gems/2.4.0/gems/test-kitchen-1.16.0/lib/kitchen/cli.rb:121:in `list'
E, [2017-07-26T16:24:55.631344 #20378] ERROR -- Kitchen: /opt/chefdk/embedded/lib/ruby/gems/2.4.0/gems/thor-0.19.1/lib/thor/command.rb:27:in `run'
E, [2017-07-26T16:24:55.631448 #20378] ERROR -- Kitchen: /opt/chefdk/embedded/lib/ruby/gems/2.4.0/gems/thor-0.19.1/lib/thor/invocation.rb:126:in `invoke_command'
E, [2017-07-26T16:24:55.631582 #20378] ERROR -- Kitchen: /opt/chefdk/embedded/lib/ruby/gems/2.4.0/gems/test-kitchen-1.16.0/lib/kitchen/cli.rb:334:in `invoke_task'
E, [2017-07-26T16:24:55.631675 #20378] ERROR -- Kitchen: /opt/chefdk/embedded/lib/ruby/gems/2.4.0/gems/thor-0.19.1/lib/thor.rb:359:in `dispatch'
E, [2017-07-26T16:24:55.631768 #20378] ERROR -- Kitchen: /opt/chefdk/embedded/lib/ruby/gems/2.4.0/gems/thor-0.19.1/lib/thor/base.rb:440:in `start'
E, [2017-07-26T16:24:55.631860 #20378] ERROR -- Kitchen: /opt/chefdk/embedded/lib/ruby/gems/2.4.0/gems/test-kitchen-1.16.0/bin/kitchen:13:in `block in <top (required)>'
E, [2017-07-26T16:24:55.631952 #20378] ERROR -- Kitchen: /opt/chefdk/embedded/lib/ruby/gems/2.4.0/gems/test-kitchen-1.16.0/lib/kitchen/errors.rb:171:in `with_friendly_errors'
E, [2017-07-26T16:24:55.632043 #20378] ERROR -- Kitchen: /opt/chefdk/embedded/lib/ruby/gems/2.4.0/gems/test-kitchen-1.16.0/bin/kitchen:13:in `<top (required)>'
E, [2017-07-26T16:24:55.632137 #20378] ERROR -- Kitchen: /usr/bin/kitchen:264:in `load'
E, [2017-07-26T16:24:55.632195 #20378] ERROR -- Kitchen: /usr/bin/kitchen:264:in `<main>'
E, [2017-07-26T16:24:55.632287 #20378] ERROR -- Kitchen: ----End Backtrace-----
